# JRE version: OpenJDK Runtime Environment Temurin-17.0.17+10 (17.0.17+10) (build 17.0.17+10)
# Java VM: OpenJDK 64-Bit Server VM Temurin-17.0.17+10 (17.0.17+10, mixed mode, sharing, tiered, compressed oops, compressed class ptrs, g1 gc, windows-amd64)
GC Precious Log:
 CPUs: 16 total, 16 available
 Memory: 16003M
 Large Page Support: Disabled
 NUMA Support: Disabled
 Compressed Oops: Enabled (32-bit)
 Heap Region Size: 1M
 Heap Min Capacity: 256M
 Heap Initial Capacity: 256M
 Heap Max Capacity: 512M
 Pre-touch: Disabled
 Parallel Workers: 13
 Concurrent Workers: 3
 Concurrent Refinement Workers: 13
 Periodic GC: Disabled
Heap:
 garbage-first heap   total 262144K, used 188606K [0x00000000e0000000, 0x0000000100000000)
  region size 1024K, 149 young (152576K), 2 survivors (2048K)
 Metaspace       used 56179K, committed 57024K, reserved 393216K
  class space    used 8010K, committed 8384K, reserved 327680K
GC Heap History (14 events):
Event: 23.220 GC heap before
{Heap before GC invocations=0 (full 0):
 garbage-first heap   total 262144K, used 22528K [0x00000000e0000000, 0x0000000100000000)
  region size 1024K, 23 young (23552K), 0 survivors (0K)
 Metaspace       used 837K, committed 960K, reserved 393216K
  class space    used 62K, committed 128K, reserved 327680K
}
Event: 23.223 GC heap after
{Heap after GC invocations=1 (full 0):
 garbage-first heap   total 262144K, used 1509K [0x00000000e0000000, 0x0000000100000000)
  region size 1024K, 2 young (2048K), 2 survivors (2048K)
 Metaspace       used 837K, committed 960K, reserved 393216K
  class space    used 62K, committed 128K, reserved 327680K
}
Event: 34.742 GC heap before
{Heap before GC invocations=1 (full 0):
 garbage-first heap   total 262144K, used 41445K [0x00000000e0000000, 0x0000000100000000)
  region size 1024K, 37 young (37888K), 2 survivors (2048K)
 Metaspace       used 4635K, committed 4800K, reserved 393216K
  class space    used 574K, committed 640K, reserved 327680K
}
Event: 34.744 GC heap after
{Heap after GC invocations=2 (full 0):
 garbage-first heap   total 262144K, used 11585K [0x00000000e0000000, 0x0000000100000000)
  region size 1024K, 5 young (5120K), 5 survivors (5120K)
 Metaspace       used 4635K, committed 4800K, reserved 393216K
  class space    used 574K, committed 640K, reserved 327680K
}
Event: 61.266 GC heap before
{Heap before GC invocations=2 (full 0):
 garbage-first heap   total 262144K, used 111937K [0x00000000e0000000, 0x0000000100000000)
  region size 1024K, 101 young (103424K), 5 survivors (5120K)
 Metaspace       used 13685K, committed 13952K, reserved 393216K
  class space    used 1852K, committed 1984K, reserved 327680K
}
Event: 61.273 GC heap after
{Heap after GC invocations=3 (full 0):
 garbage-first heap   total 262144K, used 20914K [0x00000000e0000000, 0x0000000100000000)
  region size 1024K, 13 young (13312K), 13 survivors (13312K)
 Metaspace       used 13685K, committed 13952K, reserved 393216K
  class space    used 1852K, committed 1984K, reserved 327680K
}
Event: 61.955 GC heap before
{Heap before GC invocations=3 (full 0):
 garbage-first heap   total 262144K, used 78258K [0x00000000e0000000, 0x0000000100000000)
  region size 1024K, 69 young (70656K), 13 survivors (13312K)
 Metaspace       used 21168K, committed 21504K, reserved 393216K
  class space    used 2920K, committed 3136K, reserved 327680K
}
Event: 61.961 GC heap after
{Heap after GC invocations=4 (full 0):
 garbage-first heap   total 262144K, used 23795K [0x00000000e0000000, 0x0000000100000000)
  region size 1024K, 11 young (11264K), 11 survivors (11264K)
 Metaspace       used 21168K, committed 21504K, reserved 393216K
  class space    used 2920K, committed 3136K, reserved 327680K
}
Event: 64.216 GC heap before
{Heap before GC invocations=5 (full 0):
 garbage-first heap   total 262144K, used 138483K [0x00000000e0000000, 0x0000000100000000)
  region size 1024K, 125 young (128000K), 11 survivors (11264K)
 Metaspace       used 35463K, committed 35968K, reserved 393216K
  class space    used 4972K, committed 5248K, reserved 327680K
}
Event: 64.222 GC heap after
{Heap after GC invocations=6 (full 0):
 garbage-first heap   total 262144K, used 30781K [0x00000000e0000000, 0x0000000100000000)
  region size 1024K, 10 young (10240K), 10 survivors (10240K)
 Metaspace       used 35463K, committed 35968K, reserved 393216K
  class space    used 4972K, committed 5248K, reserved 327680K
}
Event: 67.737 GC heap before
{Heap before GC invocations=7 (full 0):
 garbage-first heap   total 262144K, used 177213K [0x00000000e0000000, 0x0000000100000000)
  region size 1024K, 153 young (156672K), 10 survivors (10240K)
 Metaspace       used 47983K, committed 48704K, reserved 393216K
  class space    used 6863K, committed 7168K, reserved 327680K
}
Event: 67.745 GC heap after
{Heap after GC invocations=8 (full 0):
 garbage-first heap   total 262144K, used 38334K [0x00000000e0000000, 0x0000000100000000)
  region size 1024K, 18 young (18432K), 18 survivors (18432K)
 Metaspace       used 47983K, committed 48704K, reserved 393216K
  class space    used 6863K, committed 7168K, reserved 327680K
}
Event: 67.773 GC heap before
{Heap before GC invocations=8 (full 0):
 garbage-first heap   total 262144K, used 38334K [0x00000000e0000000, 0x0000000100000000)
  region size 1024K, 19 young (19456K), 18 survivors (18432K)
 Metaspace       used 48018K, committed 48704K, reserved 393216K
  class space    used 6863K, committed 7168K, reserved 327680K
}
Event: 67.780 GC heap after
{Heap after GC invocations=9 (full 0):
 garbage-first heap   total 262144K, used 39102K [0x00000000e0000000, 0x0000000100000000)
  region size 1024K, 2 young (2048K), 2 survivors (2048K)
 Metaspace       used 48018K, committed 48704K, reserved 393216K
  class space    used 6863K, committed 7168K, reserved 327680K
}

